<?xml version="1.0" encoding="UTF-8"?>
<!-- Generated by org.testng.reporters.JUnitXMLReporter -->
<testsuite ignored="0" hostname="Lalit" failures="0" tests="1" name="Test" time="16.441" errors="0" timestamp="2021-04-23T22:27:00 IST">
  <testcase classname="com.automation.test_cases.BaseClass" name="@BeforeClass setup" time="16.32">
    <failure type="org.openqa.selenium.SessionNotCreatedException" message="session not created: This version of ChromeDriver only supports Chrome version 88
Current browser version is 90.0.4430.85 with binary path C:\Program Files (x86)\Google\Chrome\Application\chrome.exe
Build info: version: &amp;apos;3.141.59&amp;apos;, revision: &amp;apos;e82be7d358&amp;apos;, time: &amp;apos;2018-11-14T08:17:03&amp;apos;
System info: host: &amp;apos;LALIT&amp;apos;, ip: &amp;apos;192.168.0.6&amp;apos;, os.name: &amp;apos;Windows 7&amp;apos;, os.arch: &amp;apos;amd64&amp;apos;, os.version: &amp;apos;6.1&amp;apos;, java.version: &amp;apos;15.0.2&amp;apos;
Driver info: driver.version: ChromeDriver
remote stacktrace: Backtrace:
	GetHandleVerifier [0x008EB963+483]
	GetHandleVerifier [0x008EB941+449]
	GetHandleVerifier [0x00C93308+3832712]
	GetHandleVerifier [0x00CAD69A+3940122]
	GetHandleVerifier [0x00CA9AFB+3924859]
	GetHandleVerifier [0x00CA7D9C+3917340]
	GetHandleVerifier [0x00CCE7FE+4075646]
	GetHandleVerifier [0x00CCE56C+4074988]
	GetHandleVerifier [0x00CCB2EB+4062059]
	GetHandleVerifier [0x00CAED14+3945876]
	GetHandleVerifier [0x00CAFBCE+3949646]
	GetHandleVerifier [0x00CAFB59+3949529]
	Ordinal0 [0x008AB5CC+46540]
	Ordinal0 [0x008A9F53+40787]
	Ordinal0 [0x008A9B12+39698]
	GetHandleVerifier [0x00BB1468+2907368]
	GetHandleVerifier [0x009F71EE+1096302]
	GetHandleVerifier [0x009B3E8D+821005]
	GetHandleVerifier [0x009B396B+819691]
	GetHandleVerifier [0x009B3881+819457]
	GetHandleVerifier [0x009DF463+998627]
	BaseThreadInitThunk [0x7530344D+18]
	RtlInitializeExceptionChain [0x77479802+99]
	RtlInitializeExceptionChain [0x774797D5+54]
">
      <![CDATA[org.openqa.selenium.SessionNotCreatedException: session not created: This version of ChromeDriver only supports Chrome version 88
Current browser version is 90.0.4430.85 with binary path C:\Program Files (x86)\Google\Chrome\Application\chrome.exe
Build info: version: '3.141.59', revision: 'e82be7d358', time: '2018-11-14T08:17:03'
System info: host: 'LALIT', ip: '192.168.0.6', os.name: 'Windows 7', os.arch: 'amd64', os.version: '6.1', java.version: '15.0.2'
Driver info: driver.version: ChromeDriver
remote stacktrace: Backtrace:
GetHandleVerifier [0x008EB963+483]
GetHandleVerifier [0x008EB941+449]
GetHandleVerifier [0x00C93308+3832712]
GetHandleVerifier [0x00CAD69A+3940122]
GetHandleVerifier [0x00CA9AFB+3924859]
GetHandleVerifier [0x00CA7D9C+3917340]
GetHandleVerifier [0x00CCE7FE+4075646]
GetHandleVerifier [0x00CCE56C+4074988]
GetHandleVerifier [0x00CCB2EB+4062059]
GetHandleVerifier [0x00CAED14+3945876]
GetHandleVerifier [0x00CAFBCE+3949646]
GetHandleVerifier [0x00CAFB59+3949529]
Ordinal0 [0x008AB5CC+46540]
Ordinal0 [0x008A9F53+40787]
Ordinal0 [0x008A9B12+39698]
GetHandleVerifier [0x00BB1468+2907368]
GetHandleVerifier [0x009F71EE+1096302]
GetHandleVerifier [0x009B3E8D+821005]
GetHandleVerifier [0x009B396B+819691]
GetHandleVerifier [0x009B3881+819457]
GetHandleVerifier [0x009DF463+998627]
BaseThreadInitThunk [0x7530344D+18]
RtlInitializeExceptionChain [0x77479802+99]
RtlInitializeExceptionChain [0x774797D5+54]

at org.openqa.selenium.remote.W3CHandshakeResponse.lambda$errorHandler$0(W3CHandshakeResponse.java:62)
at org.openqa.selenium.remote.HandshakeResponse.lambda$getResponseFunction$0(HandshakeResponse.java:30)
at org.openqa.selenium.remote.ProtocolHandshake.lambda$createSession$0(ProtocolHandshake.java:126)
at java.base/java.util.stream.ReferencePipeline$3$1.accept(ReferencePipeline.java:195)
at java.base/java.util.Spliterators$ArraySpliterator.tryAdvance(Spliterators.java:958)
at java.base/java.util.stream.ReferencePipeline.forEachWithCancel(ReferencePipeline.java:127)
at java.base/java.util.stream.AbstractPipeline.copyIntoWithCancel(AbstractPipeline.java:502)
at java.base/java.util.stream.AbstractPipeline.copyInto(AbstractPipeline.java:488)
at java.base/java.util.stream.AbstractPipeline.wrapAndCopyInto(AbstractPipeline.java:474)
at java.base/java.util.stream.FindOps$FindOp.evaluateSequential(FindOps.java:150)
at java.base/java.util.stream.AbstractPipeline.evaluate(AbstractPipeline.java:234)
at java.base/java.util.stream.ReferencePipeline.findFirst(ReferencePipeline.java:543)
at org.openqa.selenium.remote.ProtocolHandshake.createSession(ProtocolHandshake.java:128)
at org.openqa.selenium.remote.ProtocolHandshake.createSession(ProtocolHandshake.java:74)
at org.openqa.selenium.remote.HttpCommandExecutor.execute(HttpCommandExecutor.java:136)
at org.openqa.selenium.remote.service.DriverCommandExecutor.execute(DriverCommandExecutor.java:83)
at org.openqa.selenium.remote.RemoteWebDriver.execute(RemoteWebDriver.java:552)
at org.openqa.selenium.remote.RemoteWebDriver.startSession(RemoteWebDriver.java:213)
at org.openqa.selenium.remote.RemoteWebDriver.<init>(RemoteWebDriver.java:131)
at org.openqa.selenium.chrome.ChromeDriver.<init>(ChromeDriver.java:181)
at org.openqa.selenium.chrome.ChromeDriver.<init>(ChromeDriver.java:168)
at org.openqa.selenium.chrome.ChromeDriver.<init>(ChromeDriver.java:123)
at com.automation.utility.BrowserFactory.startApplication(BrowserFactory.java:18)
at com.automation.test_cases.BaseClass.setup(BaseClass.java:30)
at java.base/java.util.ArrayList.forEach(ArrayList.java:1511)
... Removed 30 stack frames]]>
    </failure>
  </testcase> <!-- @BeforeClass setup -->
  <testcase classname="com.automation.test_cases.BaseClass" name="@AfterMethod tearDownMethod" time="-1.619197020261E9">
    <skipped/>
  </testcase> <!-- @AfterMethod tearDownMethod -->
  <testcase classname="com.automation.test_cases.BaseClass" name="@AfterClass tearDown" time="-1.619197020263E9">
    <skipped/>
  </testcase> <!-- @AfterClass tearDown -->
  <testcase classname="com.automation.test_cases.HomeTestCRM" name="homeLoginTest" time="0.0">
    <skipped/>
  </testcase> <!-- homeLoginTest -->
</testsuite> <!-- Test -->
